                                                                                                                        
>>>>>>>>>>>>>>>>>>>>>>>>>>>>>>>>>>>>>>>>>>>>>>>>>>>>>>>>>>>>>>>>>>>>>>>>>>>>>>>>>>>>>>>>>>>>>>>>>>>>>>>>>>>>>>>>>>>>>>>>
2024-10-11 23:45:13,022 - INFO - START NSP_OEC_Training_Chapter_23 =============================================
2024-10-11 23:45:13,023 - INFO - START NSP_OEC_Training_Chapter_23 Start Time = 2024-10-11 23:45:13
2024-10-11 23:45:13,023 - INFO - NSP_OEC_Training_Chapter_23 Step 0 - Initialize the configuration file parser
2024-10-11 23:45:13,023 - INFO - Process NSP_OEC_Training_Chapter_23 Step 0 - Initializing and starting Logging Process.
2024-10-11 23:45:13,083 - INFO - PERFORMANCE NSP_OEC_Training_Chapter_23 The total process duration was:0.06
2024-10-11 23:45:13,083 - INFO - PERFORMANCE NSP_OEC_Training_Chapter_23 Stop Time = 2024-10-11 23:45:13
2024-10-11 23:45:13,083 - INFO - PERFORMANCE NSP_OEC_Training_Chapter_23 Short process duration less than 3 Seconds:0.06
2024-10-11 23:45:13,083 - INFO - PERFORMANCE NSP_OEC_Training_Chapter_23 Performance optimization is not reccomended
2024-10-11 23:45:13,083 - INFO - END NSP_OEC_Training_Chapter_23 =============================================

<<<<<<<<<<<<<<<<<<<<<<<<<<<<<<<<<<<<<<<<<<<<<<<<<<<<<<<<<<<<<<<<<<<<<<<<<<<<<<<<<<<<<<<<<<<<<<<<<<<<<<<<<<<<<<<<<<<<<<<<
                                                                                                                        
                                                                                                                        
>>>>>>>>>>>>>>>>>>>>>>>>>>>>>>>>>>>>>>>>>>>>>>>>>>>>>>>>>>>>>>>>>>>>>>>>>>>>>>>>>>>>>>>>>>>>>>>>>>>>>>>>>>>>>>>>>>>>>>>>
2024-10-11 23:58:28,447 - INFO - START NSP_OEC_Training_Chapter_23 =============================================
2024-10-11 23:58:28,447 - INFO - START NSP_OEC_Training_Chapter_23 Start Time = 2024-10-11 23:58:28
2024-10-11 23:58:28,447 - INFO - NSP_OEC_Training_Chapter_23 Step 0 - Initialize the configuration file parser
2024-10-11 23:58:28,448 - INFO - Process NSP_OEC_Training_Chapter_23 Step 0 - Initializing and starting Logging Process.
2024-10-11 23:58:28,525 - INFO - PERFORMANCE NSP_OEC_Training_Chapter_23 The total process duration was:0.08
2024-10-11 23:58:28,525 - INFO - PERFORMANCE NSP_OEC_Training_Chapter_23 Stop Time = 2024-10-11 23:58:28
2024-10-11 23:58:28,525 - INFO - PERFORMANCE NSP_OEC_Training_Chapter_23 Short process duration less than 3 Seconds:0.08
2024-10-11 23:58:28,525 - INFO - PERFORMANCE NSP_OEC_Training_Chapter_23 Performance optimization is not reccomended
2024-10-11 23:58:28,525 - INFO - END NSP_OEC_Training_Chapter_23 =============================================

<<<<<<<<<<<<<<<<<<<<<<<<<<<<<<<<<<<<<<<<<<<<<<<<<<<<<<<<<<<<<<<<<<<<<<<<<<<<<<<<<<<<<<<<<<<<<<<<<<<<<<<<<<<<<<<<<<<<<<<<
                                                                                                                        
                                                                                                                        
>>>>>>>>>>>>>>>>>>>>>>>>>>>>>>>>>>>>>>>>>>>>>>>>>>>>>>>>>>>>>>>>>>>>>>>>>>>>>>>>>>>>>>>>>>>>>>>>>>>>>>>>>>>>>>>>>>>>>>>>
2024-10-12 00:24:46,770 - INFO - START NSP_OEC_Training_Chapter_23 =============================================
2024-10-12 00:24:46,770 - INFO - START NSP_OEC_Training_Chapter_23 Start Time = 2024-10-12 00:24:46
2024-10-12 00:24:46,770 - INFO - NSP_OEC_Training_Chapter_23 Step 0 - Initialize the configuration file parser
2024-10-12 00:24:46,770 - INFO - Process NSP_OEC_Training_Chapter_23 Step 0 - Initializing and starting Logging Process.
2024-10-12 00:24:46,832 - INFO - PERFORMANCE NSP_OEC_Training_Chapter_23 The total process duration was:0.06
2024-10-12 00:24:46,832 - INFO - PERFORMANCE NSP_OEC_Training_Chapter_23 Stop Time = 2024-10-12 00:24:46
2024-10-12 00:24:46,833 - INFO - PERFORMANCE NSP_OEC_Training_Chapter_23 Short process duration less than 3 Seconds:0.06
2024-10-12 00:24:46,833 - INFO - PERFORMANCE NSP_OEC_Training_Chapter_23 Performance optimization is not reccomended
2024-10-12 00:24:46,833 - INFO - END NSP_OEC_Training_Chapter_23 =============================================

<<<<<<<<<<<<<<<<<<<<<<<<<<<<<<<<<<<<<<<<<<<<<<<<<<<<<<<<<<<<<<<<<<<<<<<<<<<<<<<<<<<<<<<<<<<<<<<<<<<<<<<<<<<<<<<<<<<<<<<<
                                                                                                                        
